{"/home/ubuntu/verified_project/complete_project/src/config/database.ts": {"path":"/home/ubuntu/verified_project/complete_project/src/config/database.ts","statementMap":{"0":{"start":{"line":1,"column":0},"end":{"line":1,"column":32}},"1":{"start":{"line":2,"column":0},"end":{"line":2,"column":41}},"2":{"start":{"line":5,"column":16},"end":{"line":9,"column":2}},"3":{"start":{"line":12,"column":33},"end":{"line":45,"column":1}},"4":{"start":{"line":13,"column":2},"end":{"line":44,"column":3}},"5":{"start":{"line":14,"column":16},"end":{"line":14,"column":86}},"6":{"start":{"line":16,"column":4},"end":{"line":16,"column":32}},"7":{"start":{"line":18,"column":4},"end":{"line":18,"column":53}},"8":{"start":{"line":21,"column":4},"end":{"line":23,"column":7}},"9":{"start":{"line":22,"column":6},"end":{"line":22,"column":55}},"10":{"start":{"line":25,"column":4},"end":{"line":27,"column":7}},"11":{"start":{"line":26,"column":6},"end":{"line":26,"column":42}},"12":{"start":{"line":30,"column":4},"end":{"line":34,"column":7}},"13":{"start":{"line":31,"column":6},"end":{"line":31,"column":40}},"14":{"start":{"line":32,"column":6},"end":{"line":32,"column":78}},"15":{"start":{"line":33,"column":6},"end":{"line":33,"column":22}},"16":{"start":{"line":37,"column":4},"end":{"line":37,"column":57}},"17":{"start":{"line":39,"column":4},"end":{"line":43,"column":5}},"18":{"start":{"line":40,"column":8},"end":{"line":40,"column":74}},"19":{"start":{"line":42,"column":8},"end":{"line":42,"column":81}},"20":{"start":{"line":12,"column":13},"end":{"line":12,"column":33}}},"fnMap":{"0":{"name":"(anonymous_1)","decl":{"start":{"line":12,"column":33},"end":{"line":12,"column":38}},"loc":{"start":{"line":12,"column":59},"end":{"line":45,"column":1}}},"1":{"name":"(anonymous_2)","decl":{"start":{"line":21,"column":36},"end":{"line":21,"column":37}},"loc":{"start":{"line":21,"column":53},"end":{"line":23,"column":5}}},"2":{"name":"(anonymous_3)","decl":{"start":{"line":25,"column":43},"end":{"line":25,"column":46}},"loc":{"start":{"line":25,"column":48},"end":{"line":27,"column":5}}},"3":{"name":"(anonymous_4)","decl":{"start":{"line":30,"column":25},"end":{"line":30,"column":30}},"loc":{"start":{"line":30,"column":36},"end":{"line":34,"column":5}}}},"branchMap":{"0":{"loc":{"start":{"line":14,"column":16},"end":{"line":14,"column":86}},"type":"binary-expr","locations":[{"start":{"line":14,"column":16},"end":{"line":14,"column":39}},{"start":{"line":14,"column":43},"end":{"line":14,"column":86}}]},"1":{"loc":{"start":{"line":39,"column":4},"end":{"line":43,"column":5}},"type":"if","locations":[{"start":{"line":39,"column":4},"end":{"line":43,"column":5}},{"start":{"line":41,"column":11},"end":{"line":43,"column":5}}]}},"s":{"0":0,"1":0,"2":0,"3":0,"4":0,"5":0,"6":0,"7":0,"8":0,"9":0,"10":0,"11":0,"12":0,"13":0,"14":0,"15":0,"16":0,"17":0,"18":0,"19":0,"20":0},"f":{"0":0,"1":0,"2":0,"3":0},"b":{"0":[0,0],"1":[0,0]}}
,"/home/ubuntu/verified_project/complete_project/src/controllers/arbitrageController.ts": {"path":"/home/ubuntu/verified_project/complete_project/src/controllers/arbitrageController.ts","statementMap":{"0":{"start":{"line":4,"column":32},"end":{"line":7,"column":1}},"1":{"start":{"line":6,"column":2},"end":{"line":6,"column":55}},"2":{"start":{"line":4,"column":13},"end":{"line":4,"column":32}},"3":{"start":{"line":9,"column":32},"end":{"line":12,"column":1}},"4":{"start":{"line":11,"column":2},"end":{"line":11,"column":55}},"5":{"start":{"line":9,"column":13},"end":{"line":9,"column":32}}},"fnMap":{"0":{"name":"(anonymous_0)","decl":{"start":{"line":4,"column":32},"end":{"line":4,"column":37}},"loc":{"start":{"line":4,"column":70},"end":{"line":7,"column":1}}},"1":{"name":"(anonymous_1)","decl":{"start":{"line":9,"column":32},"end":{"line":9,"column":37}},"loc":{"start":{"line":9,"column":70},"end":{"line":12,"column":1}}}},"branchMap":{},"s":{"0":0,"1":0,"2":0,"3":0,"4":0,"5":0},"f":{"0":0,"1":0},"b":{}}
,"/home/ubuntu/verified_project/complete_project/src/controllers/authController.ts": {"path":"/home/ubuntu/verified_project/complete_project/src/controllers/authController.ts","statementMap":{"0":{"start":{"line":4,"column":21},"end":{"line":7,"column":1}},"1":{"start":{"line":6,"column":2},"end":{"line":6,"column":55}},"2":{"start":{"line":4,"column":13},"end":{"line":4,"column":21}},"3":{"start":{"line":9,"column":24},"end":{"line":12,"column":1}},"4":{"start":{"line":11,"column":2},"end":{"line":11,"column":55}},"5":{"start":{"line":9,"column":13},"end":{"line":9,"column":24}},"6":{"start":{"line":14,"column":28},"end":{"line":17,"column":1}},"7":{"start":{"line":16,"column":2},"end":{"line":16,"column":55}},"8":{"start":{"line":14,"column":13},"end":{"line":14,"column":28}}},"fnMap":{"0":{"name":"(anonymous_0)","decl":{"start":{"line":4,"column":21},"end":{"line":4,"column":26}},"loc":{"start":{"line":4,"column":59},"end":{"line":7,"column":1}}},"1":{"name":"(anonymous_1)","decl":{"start":{"line":9,"column":24},"end":{"line":9,"column":29}},"loc":{"start":{"line":9,"column":62},"end":{"line":12,"column":1}}},"2":{"name":"(anonymous_2)","decl":{"start":{"line":14,"column":28},"end":{"line":14,"column":33}},"loc":{"start":{"line":14,"column":66},"end":{"line":17,"column":1}}}},"branchMap":{},"s":{"0":0,"1":0,"2":0,"3":0,"4":0,"5":0,"6":0,"7":0,"8":0},"f":{"0":0,"1":0,"2":0},"b":{}}
,"/home/ubuntu/verified_project/complete_project/src/controllers/index.ts": {"path":"/home/ubuntu/verified_project/complete_project/src/controllers/index.ts","statementMap":{"0":{"start":{"line":2,"column":0},"end":{"line":2,"column":33}},"1":{"start":{"line":3,"column":0},"end":{"line":3,"column":38}},"2":{"start":{"line":4,"column":0},"end":{"line":4,"column":38}}},"fnMap":{},"branchMap":{},"s":{"0":0,"1":0,"2":0},"f":{},"b":{}}
,"/home/ubuntu/verified_project/complete_project/src/controllers/portfolioController.ts": {"path":"/home/ubuntu/verified_project/complete_project/src/controllers/portfolioController.ts","statementMap":{"0":{"start":{"line":4,"column":28},"end":{"line":7,"column":1}},"1":{"start":{"line":6,"column":2},"end":{"line":6,"column":55}},"2":{"start":{"line":4,"column":13},"end":{"line":4,"column":28}},"3":{"start":{"line":9,"column":25},"end":{"line":12,"column":1}},"4":{"start":{"line":11,"column":2},"end":{"line":11,"column":55}},"5":{"start":{"line":9,"column":13},"end":{"line":9,"column":25}}},"fnMap":{"0":{"name":"(anonymous_0)","decl":{"start":{"line":4,"column":28},"end":{"line":4,"column":33}},"loc":{"start":{"line":4,"column":66},"end":{"line":7,"column":1}}},"1":{"name":"(anonymous_1)","decl":{"start":{"line":9,"column":25},"end":{"line":9,"column":30}},"loc":{"start":{"line":9,"column":63},"end":{"line":12,"column":1}}}},"branchMap":{},"s":{"0":0,"1":0,"2":0,"3":0,"4":0,"5":0},"f":{"0":0,"1":0},"b":{}}
,"/home/ubuntu/verified_project/complete_project/src/interfaces/Arbitrage.ts": {"path":"/home/ubuntu/verified_project/complete_project/src/interfaces/Arbitrage.ts","statementMap":{"0":{"start":{"line":20,"column":0},"end":{"line":20,"column":null}},"1":{"start":{"line":21,"column":2},"end":{"line":21,"column":null}},"2":{"start":{"line":22,"column":2},"end":{"line":22,"column":null}},"3":{"start":{"line":23,"column":2},"end":{"line":23,"column":null}}},"fnMap":{"0":{"name":"(anonymous_0)","decl":{"start":{"line":20,"column":0},"end":{"line":20,"column":12}},"loc":{"start":{"line":20,"column":25},"end":{"line":24,"column":1}}}},"branchMap":{"0":{"loc":{"start":{"line":20,"column":12},"end":{"line":20,"column":null}},"type":"binary-expr","locations":[{"start":{"line":20,"column":12},"end":{"line":20,"column":25}},{"start":{"line":20,"column":25},"end":{"line":20,"column":null}}]}},"s":{"0":0,"1":0,"2":0,"3":0},"f":{"0":0},"b":{"0":[0,0]}}
,"/home/ubuntu/verified_project/complete_project/src/middleware/auth.ts": {"path":"/home/ubuntu/verified_project/complete_project/src/middleware/auth.ts","statementMap":{"0":{"start":{"line":2,"column":0},"end":{"line":2,"column":31}},"1":{"start":{"line":3,"column":0},"end":{"line":3,"column":35}},"2":{"start":{"line":4,"column":0},"end":{"line":4,"column":41}},"3":{"start":{"line":15,"column":28},"end":{"line":61,"column":1}},"4":{"start":{"line":16,"column":2},"end":{"line":60,"column":3}},"5":{"start":{"line":18,"column":23},"end":{"line":18,"column":48}},"6":{"start":{"line":20,"column":4},"end":{"line":22,"column":5}},"7":{"start":{"line":21,"column":6},"end":{"line":21,"column":73}},"8":{"start":{"line":24,"column":18},"end":{"line":24,"column":42}},"9":{"start":{"line":26,"column":4},"end":{"line":28,"column":5}},"10":{"start":{"line":27,"column":6},"end":{"line":27,"column":78}},"11":{"start":{"line":31,"column":22},"end":{"line":31,"column":68}},"12":{"start":{"line":32,"column":20},"end":{"line":32,"column":62}},"13":{"start":{"line":35,"column":4},"end":{"line":38,"column":6}},"14":{"start":{"line":40,"column":4},"end":{"line":40,"column":11}},"15":{"start":{"line":43,"column":4},"end":{"line":59,"column":5}},"16":{"start":{"line":44,"column":8},"end":{"line":54,"column":9}},"17":{"start":{"line":45,"column":12},"end":{"line":45,"column":80}},"18":{"start":{"line":46,"column":12},"end":{"line":46,"column":85}},"19":{"start":{"line":47,"column":15},"end":{"line":54,"column":9}},"20":{"start":{"line":48,"column":12},"end":{"line":48,"column":80}},"21":{"start":{"line":49,"column":12},"end":{"line":49,"column":85}},"22":{"start":{"line":52,"column":12},"end":{"line":52,"column":57}},"23":{"start":{"line":53,"column":12},"end":{"line":53,"column":24}},"24":{"start":{"line":57,"column":8},"end":{"line":57,"column":61}},"25":{"start":{"line":58,"column":8},"end":{"line":58,"column":104}},"26":{"start":{"line":15,"column":13},"end":{"line":15,"column":28}},"27":{"start":{"line":64,"column":25},"end":{"line":76,"column":1}},"28":{"start":{"line":65,"column":2},"end":{"line":75,"column":4}},"29":{"start":{"line":66,"column":4},"end":{"line":68,"column":5}},"30":{"start":{"line":67,"column":6},"end":{"line":67,"column":79}},"31":{"start":{"line":70,"column":4},"end":{"line":72,"column":5}},"32":{"start":{"line":71,"column":6},"end":{"line":71,"column":92}},"33":{"start":{"line":74,"column":4},"end":{"line":74,"column":11}},"34":{"start":{"line":64,"column":13},"end":{"line":64,"column":25}}},"fnMap":{"0":{"name":"(anonymous_1)","decl":{"start":{"line":15,"column":28},"end":{"line":15,"column":29}},"loc":{"start":{"line":15,"column":86},"end":{"line":61,"column":1}}},"1":{"name":"(anonymous_2)","decl":{"start":{"line":64,"column":25},"end":{"line":64,"column":26}},"loc":{"start":{"line":64,"column":45},"end":{"line":76,"column":1}}},"2":{"name":"(anonymous_3)","decl":{"start":{"line":65,"column":9},"end":{"line":65,"column":10}},"loc":{"start":{"line":65,"column":67},"end":{"line":75,"column":3}}}},"branchMap":{"0":{"loc":{"start":{"line":20,"column":4},"end":{"line":22,"column":5}},"type":"if","locations":[{"start":{"line":20,"column":4},"end":{"line":22,"column":5}}]},"1":{"loc":{"start":{"line":20,"column":8},"end":{"line":20,"column":56}},"type":"binary-expr","locations":[{"start":{"line":20,"column":8},"end":{"line":20,"column":19}},{"start":{"line":20,"column":23},"end":{"line":20,"column":56}}]},"2":{"loc":{"start":{"line":26,"column":4},"end":{"line":28,"column":5}},"type":"if","locations":[{"start":{"line":26,"column":4},"end":{"line":28,"column":5}}]},"3":{"loc":{"start":{"line":31,"column":22},"end":{"line":31,"column":68}},"type":"binary-expr","locations":[{"start":{"line":31,"column":22},"end":{"line":31,"column":44}},{"start":{"line":31,"column":48},"end":{"line":31,"column":68}}]},"4":{"loc":{"start":{"line":43,"column":4},"end":{"line":59,"column":5}},"type":"if","locations":[{"start":{"line":43,"column":4},"end":{"line":59,"column":5}},{"start":{"line":55,"column":11},"end":{"line":59,"column":5}}]},"5":{"loc":{"start":{"line":44,"column":8},"end":{"line":54,"column":9}},"type":"if","locations":[{"start":{"line":44,"column":8},"end":{"line":54,"column":9}},{"start":{"line":47,"column":15},"end":{"line":54,"column":9}}]},"6":{"loc":{"start":{"line":47,"column":15},"end":{"line":54,"column":9}},"type":"if","locations":[{"start":{"line":47,"column":15},"end":{"line":54,"column":9}},{"start":{"line":50,"column":15},"end":{"line":54,"column":9}}]},"7":{"loc":{"start":{"line":66,"column":4},"end":{"line":68,"column":5}},"type":"if","locations":[{"start":{"line":66,"column":4},"end":{"line":68,"column":5}}]},"8":{"loc":{"start":{"line":70,"column":4},"end":{"line":72,"column":5}},"type":"if","locations":[{"start":{"line":70,"column":4},"end":{"line":72,"column":5}}]}},"s":{"0":0,"1":0,"2":0,"3":0,"4":0,"5":0,"6":0,"7":0,"8":0,"9":0,"10":0,"11":0,"12":0,"13":0,"14":0,"15":0,"16":0,"17":0,"18":0,"19":0,"20":0,"21":0,"22":0,"23":0,"24":0,"25":0,"26":0,"27":0,"28":0,"29":0,"30":0,"31":0,"32":0,"33":0,"34":0},"f":{"0":0,"1":0,"2":0},"b":{"0":[0],"1":[0,0],"2":[0],"3":[0,0],"4":[0,0],"5":[0,0],"6":[0,0],"7":[0],"8":[0]}}
,"/home/ubuntu/verified_project/complete_project/src/middleware/error.ts": {"path":"/home/ubuntu/verified_project/complete_project/src/middleware/error.ts","statementMap":{"0":{"start":{"line":2,"column":0},"end":{"line":2,"column":41}},"1":{"start":{"line":11,"column":4},"end":{"line":11,"column":19}},"2":{"start":{"line":12,"column":4},"end":{"line":12,"column":33}},"3":{"start":{"line":13,"column":4},"end":{"line":13,"column":21}},"4":{"start":{"line":14,"column":4},"end":{"line":14,"column":39}},"5":{"start":{"line":17,"column":4},"end":{"line":19,"column":5}},"6":{"start":{"line":18,"column":6},"end":{"line":18,"column":54}},"7":{"start":{"line":5,"column":0},"end":{"line":5,"column":13}},"8":{"start":{"line":24,"column":28},"end":{"line":67,"column":1}},"9":{"start":{"line":31,"column":21},"end":{"line":31,"column":67}},"10":{"start":{"line":32,"column":18},"end":{"line":32,"column":56}},"11":{"start":{"line":34,"column":15},"end":{"line":34,"column":68}},"12":{"start":{"line":36,"column":24},"end":{"line":36,"column":75}},"13":{"start":{"line":40,"column":2},"end":{"line":48,"column":3}},"14":{"start":{"line":41,"column":6},"end":{"line":41,"column":140}},"15":{"start":{"line":44,"column":6},"end":{"line":47,"column":7}},"16":{"start":{"line":45,"column":10},"end":{"line":45,"column":122}},"17":{"start":{"line":46,"column":10},"end":{"line":46,"column":58}},"18":{"start":{"line":46,"column":34},"end":{"line":46,"column":58}},"19":{"start":{"line":52,"column":2},"end":{"line":66,"column":3}},"20":{"start":{"line":53,"column":4},"end":{"line":57,"column":7}},"21":{"start":{"line":59,"column":4},"end":{"line":65,"column":7}},"22":{"start":{"line":24,"column":13},"end":{"line":24,"column":28}},"23":{"start":{"line":70,"column":31},"end":{"line":74,"column":1}},"24":{"start":{"line":72,"column":16},"end":{"line":72,"column":80}},"25":{"start":{"line":73,"column":2},"end":{"line":73,"column":14}},"26":{"start":{"line":70,"column":13},"end":{"line":70,"column":31}}},"fnMap":{"0":{"name":"(anonymous_0)","decl":{"start":{"line":10,"column":2},"end":{"line":10,"column":14}},"loc":{"start":{"line":10,"column":94},"end":{"line":20,"column":3}}},"1":{"name":"(anonymous_1)","decl":{"start":{"line":24,"column":28},"end":{"line":24,"column":null}},"loc":{"start":{"line":29,"column":10},"end":{"line":67,"column":1}}},"2":{"name":"(anonymous_2)","decl":{"start":{"line":70,"column":31},"end":{"line":70,"column":32}},"loc":{"start":{"line":70,"column":89},"end":{"line":74,"column":1}}}},"branchMap":{"0":{"loc":{"start":{"line":10,"column":31},"end":{"line":10,"column":47}},"type":"default-arg","locations":[{"start":{"line":10,"column":44},"end":{"line":10,"column":47}}]},"1":{"loc":{"start":{"line":10,"column":49},"end":{"line":10,"column":72}},"type":"default-arg","locations":[{"start":{"line":10,"column":56},"end":{"line":10,"column":72}}]},"2":{"loc":{"start":{"line":10,"column":74},"end":{"line":10,"column":94}},"type":"default-arg","locations":[{"start":{"line":10,"column":90},"end":{"line":10,"column":94}}]},"3":{"loc":{"start":{"line":17,"column":4},"end":{"line":19,"column":5}},"type":"if","locations":[{"start":{"line":17,"column":4},"end":{"line":19,"column":5}}]},"4":{"loc":{"start":{"line":31,"column":21},"end":{"line":31,"column":67}},"type":"cond-expr","locations":[{"start":{"line":31,"column":47},"end":{"line":31,"column":61}},{"start":{"line":31,"column":64},"end":{"line":31,"column":67}}]},"5":{"loc":{"start":{"line":32,"column":18},"end":{"line":32,"column":56}},"type":"binary-expr","locations":[{"start":{"line":32,"column":18},"end":{"line":32,"column":29}},{"start":{"line":32,"column":33},"end":{"line":32,"column":56}}]},"6":{"loc":{"start":{"line":34,"column":15},"end":{"line":34,"column":68}},"type":"cond-expr","locations":[{"start":{"line":34,"column":41},"end":{"line":34,"column":49}},{"start":{"line":34,"column":52},"end":{"line":34,"column":68}}]},"7":{"loc":{"start":{"line":36,"column":24},"end":{"line":36,"column":75}},"type":"cond-expr","locations":[{"start":{"line":36,"column":50},"end":{"line":36,"column":67}},{"start":{"line":36,"column":70},"end":{"line":36,"column":75}}]},"8":{"loc":{"start":{"line":40,"column":2},"end":{"line":48,"column":3}},"type":"if","locations":[{"start":{"line":40,"column":2},"end":{"line":48,"column":3}},{"start":{"line":42,"column":9},"end":{"line":48,"column":3}}]},"9":{"loc":{"start":{"line":44,"column":6},"end":{"line":47,"column":7}},"type":"if","locations":[{"start":{"line":44,"column":6},"end":{"line":47,"column":7}}]},"10":{"loc":{"start":{"line":44,"column":10},"end":{"line":44,"column":45}},"type":"binary-expr","locations":[{"start":{"line":44,"column":10},"end":{"line":44,"column":28}},{"start":{"line":44,"column":32},"end":{"line":44,"column":45}}]},"11":{"loc":{"start":{"line":46,"column":10},"end":{"line":46,"column":58}},"type":"if","locations":[{"start":{"line":46,"column":10},"end":{"line":46,"column":58}}]},"12":{"loc":{"start":{"line":52,"column":2},"end":{"line":66,"column":3}},"type":"if","locations":[{"start":{"line":52,"column":2},"end":{"line":66,"column":3}},{"start":{"line":58,"column":9},"end":{"line":66,"column":3}}]},"13":{"loc":{"start":{"line":52,"column":6},"end":{"line":52,"column":83}},"type":"binary-expr","locations":[{"start":{"line":52,"column":6},"end":{"line":52,"column":43}},{"start":{"line":52,"column":47},"end":{"line":52,"column":61}},{"start":{"line":52,"column":65},"end":{"line":52,"column":83}}]},"14":{"loc":{"start":{"line":64,"column":10},"end":{"line":64,"column":72}},"type":"binary-expr","locations":[{"start":{"line":64,"column":10},"end":{"line":64,"column":48}},{"start":{"line":64,"column":52},"end":{"line":64,"column":72}}]}},"s":{"0":0,"1":0,"2":0,"3":0,"4":0,"5":0,"6":0,"7":0,"8":0,"9":0,"10":0,"11":0,"12":0,"13":0,"14":0,"15":0,"16":0,"17":0,"18":0,"19":0,"20":0,"21":0,"22":0,"23":0,"24":0,"25":0,"26":0},"f":{"0":0,"1":0,"2":0},"b":{"0":[0],"1":[0],"2":[0],"3":[0],"4":[0,0],"5":[0,0],"6":[0,0],"7":[0,0],"8":[0,0],"9":[0],"10":[0,0],"11":[0],"12":[0,0],"13":[0,0,0],"14":[0,0]}}
,"/home/ubuntu/verified_project/complete_project/src/models/Wallet.ts": {"path":"/home/ubuntu/verified_project/complete_project/src/models/Wallet.ts","statementMap":{"0":{"start":{"line":1,"column":0},"end":{"line":1,"column":54}},"1":{"start":{"line":23,"column":29},"end":{"line":64,"column":null}},"2":{"start":{"line":68,"column":0},"end":{"line":68,"column":63}}},"fnMap":{},"branchMap":{},"s":{"0":0,"1":0,"2":0},"f":{},"b":{}}
,"/home/ubuntu/verified_project/complete_project/src/routes/arbitrageRoutes.ts": {"path":"/home/ubuntu/verified_project/complete_project/src/routes/arbitrageRoutes.ts","statementMap":{"0":{"start":{"line":2,"column":0},"end":{"line":2,"column":33}},"1":{"start":{"line":3,"column":0},"end":{"line":3,"column":88}},"2":{"start":{"line":4,"column":0},"end":{"line":4,"column":50}},"3":{"start":{"line":6,"column":15},"end":{"line":6,"column":23}},"4":{"start":{"line":9,"column":0},"end":{"line":9,"column":25}},"5":{"start":{"line":11,"column":0},"end":{"line":11,"column":47}},"6":{"start":{"line":12,"column":0},"end":{"line":12,"column":42}},"7":{"start":{"line":14,"column":0},"end":{"line":14,"column":22}}},"fnMap":{},"branchMap":{},"s":{"0":0,"1":0,"2":0,"3":0,"4":0,"5":0,"6":0,"7":0},"f":{},"b":{}}
,"/home/ubuntu/verified_project/complete_project/src/routes/authRoutes.ts": {"path":"/home/ubuntu/verified_project/complete_project/src/routes/authRoutes.ts","statementMap":{"0":{"start":{"line":2,"column":0},"end":{"line":2,"column":33}},"1":{"start":{"line":3,"column":0},"end":{"line":3,"column":78}},"2":{"start":{"line":5,"column":15},"end":{"line":5,"column":23}},"3":{"start":{"line":7,"column":0},"end":{"line":7,"column":29}},"4":{"start":{"line":8,"column":0},"end":{"line":8,"column":35}},"5":{"start":{"line":9,"column":0},"end":{"line":9,"column":44}},"6":{"start":{"line":11,"column":0},"end":{"line":11,"column":22}}},"fnMap":{},"branchMap":{},"s":{"0":0,"1":0,"2":0,"3":0,"4":0,"5":0,"6":0},"f":{},"b":{}}
,"/home/ubuntu/verified_project/complete_project/src/routes/index.ts": {"path":"/home/ubuntu/verified_project/complete_project/src/routes/index.ts","statementMap":{"0":{"start":{"line":2,"column":0},"end":{"line":2,"column":33}},"1":{"start":{"line":3,"column":0},"end":{"line":3,"column":38}},"2":{"start":{"line":4,"column":0},"end":{"line":4,"column":48}},"3":{"start":{"line":5,"column":0},"end":{"line":5,"column":48}},"4":{"start":{"line":7,"column":15},"end":{"line":7,"column":23}},"5":{"start":{"line":9,"column":0},"end":{"line":9,"column":32}},"6":{"start":{"line":10,"column":0},"end":{"line":10,"column":42}},"7":{"start":{"line":11,"column":0},"end":{"line":11,"column":42}},"8":{"start":{"line":14,"column":0},"end":{"line":14,"column":22}}},"fnMap":{},"branchMap":{},"s":{"0":0,"1":0,"2":0,"3":0,"4":0,"5":0,"6":0,"7":0,"8":0},"f":{},"b":{}}
,"/home/ubuntu/verified_project/complete_project/src/routes/portfolioRoutes.ts": {"path":"/home/ubuntu/verified_project/complete_project/src/routes/portfolioRoutes.ts","statementMap":{"0":{"start":{"line":2,"column":0},"end":{"line":2,"column":33}},"1":{"start":{"line":3,"column":0},"end":{"line":3,"column":77}},"2":{"start":{"line":4,"column":0},"end":{"line":4,"column":50}},"3":{"start":{"line":6,"column":15},"end":{"line":6,"column":23}},"4":{"start":{"line":9,"column":0},"end":{"line":9,"column":25}},"5":{"start":{"line":11,"column":0},"end":{"line":11,"column":30}},"6":{"start":{"line":12,"column":0},"end":{"line":12,"column":35}},"7":{"start":{"line":14,"column":0},"end":{"line":14,"column":22}}},"fnMap":{},"branchMap":{},"s":{"0":0,"1":0,"2":0,"3":0,"4":0,"5":0,"6":0,"7":0},"f":{},"b":{}}
,"/home/ubuntu/verified_project/complete_project/src/services/ai-prediction/AIPredictionService.ts": {"path":"/home/ubuntu/verified_project/complete_project/src/services/ai-prediction/AIPredictionService.ts","statementMap":{"0":{"start":{"line":2,"column":0},"end":{"line":2,"column":44}},"1":{"start":{"line":8,"column":4},"end":{"line":8,"column":61}},"2":{"start":{"line":9,"column":4},"end":{"line":11,"column":5}},"3":{"start":{"line":10,"column":6},"end":{"line":10,"column":80}},"4":{"start":{"line":12,"column":4},"end":{"line":12,"column":54}},"5":{"start":{"line":16,"column":4},"end":{"line":19,"column":5}},"6":{"start":{"line":17,"column":6},"end":{"line":17,"column":80}},"7":{"start":{"line":18,"column":6},"end":{"line":18,"column":49}},"8":{"start":{"line":21,"column":4},"end":{"line":21,"column":77}},"9":{"start":{"line":23,"column":4},"end":{"line":23,"column":58}},"10":{"start":{"line":4,"column":0},"end":{"line":4,"column":13}}},"fnMap":{"0":{"name":"(anonymous_0)","decl":{"start":{"line":7,"column":2},"end":{"line":7,"column":null}},"loc":{"start":{"line":7,"column":2},"end":{"line":13,"column":3}}},"1":{"name":"(anonymous_1)","decl":{"start":{"line":15,"column":2},"end":{"line":15,"column":7}},"loc":{"start":{"line":15,"column":45},"end":{"line":24,"column":3}}}},"branchMap":{"0":{"loc":{"start":{"line":8,"column":25},"end":{"line":8,"column":60}},"type":"binary-expr","locations":[{"start":{"line":8,"column":25},"end":{"line":8,"column":54}},{"start":{"line":8,"column":58},"end":{"line":8,"column":60}}]},"1":{"loc":{"start":{"line":9,"column":4},"end":{"line":11,"column":5}},"type":"if","locations":[{"start":{"line":9,"column":4},"end":{"line":11,"column":5}}]},"2":{"loc":{"start":{"line":16,"column":4},"end":{"line":19,"column":5}},"type":"if","locations":[{"start":{"line":16,"column":4},"end":{"line":19,"column":5}}]}},"s":{"0":0,"1":0,"2":0,"3":0,"4":0,"5":0,"6":0,"7":0,"8":0,"9":0,"10":0},"f":{"0":0,"1":0},"b":{"0":[0,0],"1":[0],"2":[0]}}
,"/home/ubuntu/verified_project/complete_project/src/services/ai-prediction/index.ts": {"path":"/home/ubuntu/verified_project/complete_project/src/services/ai-prediction/index.ts","statementMap":{"0":{"start":{"line":2,"column":0},"end":{"line":2,"column":38}}},"fnMap":{},"branchMap":{},"s":{"0":0},"f":{},"b":{}}
,"/home/ubuntu/verified_project/complete_project/src/services/arbitrage/index.ts": {"path":"/home/ubuntu/verified_project/complete_project/src/services/arbitrage/index.ts","statementMap":{"0":{"start":{"line":1,"column":0},"end":{"line":1,"column":58}},"1":{"start":{"line":2,"column":0},"end":{"line":2,"column":44}},"2":{"start":{"line":7,"column":42},"end":{"line":21,"column":1}},"3":{"start":{"line":8,"column":2},"end":{"line":20,"column":3}},"4":{"start":{"line":9,"column":4},"end":{"line":9,"column":50}},"5":{"start":{"line":12,"column":29},"end":{"line":12,"column":55}},"6":{"start":{"line":14,"column":4},"end":{"line":14,"column":62}},"7":{"start":{"line":16,"column":4},"end":{"line":16,"column":28}},"8":{"start":{"line":18,"column":4},"end":{"line":18,"column":65}},"9":{"start":{"line":19,"column":4},"end":{"line":19,"column":16}},"10":{"start":{"line":7,"column":13},"end":{"line":7,"column":42}},"11":{"start":{"line":24,"column":13},"end":{"line":24,"column":61}}},"fnMap":{"0":{"name":"(anonymous_0)","decl":{"start":{"line":7,"column":42},"end":{"line":7,"column":67}},"loc":{"start":{"line":7,"column":69},"end":{"line":21,"column":1}}}},"branchMap":{},"s":{"0":0,"1":0,"2":0,"3":0,"4":0,"5":0,"6":0,"7":0,"8":0,"9":0,"10":0,"11":0},"f":{"0":0},"b":{}}
,"/home/ubuntu/verified_project/complete_project/src/services/auth/index.ts": {"path":"/home/ubuntu/verified_project/complete_project/src/services/auth/index.ts","statementMap":{"0":{"start":{"line":2,"column":0},"end":{"line":2,"column":30}}},"fnMap":{},"branchMap":{},"s":{"0":0},"f":{},"b":{}}
,"/home/ubuntu/verified_project/complete_project/src/services/flash-loans/index.ts": {"path":"/home/ubuntu/verified_project/complete_project/src/services/flash-loans/index.ts","statementMap":{"0":{"start":{"line":1,"column":0},"end":{"line":1,"column":58}},"1":{"start":{"line":2,"column":0},"end":{"line":2,"column":65}},"2":{"start":{"line":3,"column":0},"end":{"line":3,"column":75}},"3":{"start":{"line":4,"column":0},"end":{"line":4,"column":73}},"4":{"start":{"line":5,"column":0},"end":{"line":5,"column":65}},"5":{"start":{"line":6,"column":0},"end":{"line":6,"column":44}},"6":{"start":{"line":11,"column":42},"end":{"line":38,"column":1}},"7":{"start":{"line":12,"column":2},"end":{"line":37,"column":3}},"8":{"start":{"line":13,"column":4},"end":{"line":13,"column":70}},"9":{"start":{"line":16,"column":29},"end":{"line":16,"column":55}},"10":{"start":{"line":19,"column":25},"end":{"line":19,"column":52}},"11":{"start":{"line":20,"column":4},"end":{"line":20,"column":52}},"12":{"start":{"line":22,"column":28},"end":{"line":22,"column":60}},"13":{"start":{"line":23,"column":4},"end":{"line":23,"column":55}},"14":{"start":{"line":25,"column":29},"end":{"line":25,"column":60}},"15":{"start":{"line":26,"column":4},"end":{"line":26,"column":56}},"16":{"start":{"line":28,"column":25},"end":{"line":28,"column":52}},"17":{"start":{"line":29,"column":4},"end":{"line":29,"column":52}},"18":{"start":{"line":31,"column":4},"end":{"line":31,"column":107}},"19":{"start":{"line":33,"column":4},"end":{"line":33,"column":28}},"20":{"start":{"line":35,"column":4},"end":{"line":35,"column":66}},"21":{"start":{"line":36,"column":4},"end":{"line":36,"column":16}},"22":{"start":{"line":11,"column":13},"end":{"line":11,"column":42}},"23":{"start":{"line":41,"column":13},"end":{"line":41,"column":61}}},"fnMap":{"0":{"name":"(anonymous_0)","decl":{"start":{"line":11,"column":42},"end":{"line":11,"column":67}},"loc":{"start":{"line":11,"column":69},"end":{"line":38,"column":1}}}},"branchMap":{},"s":{"0":0,"1":0,"2":0,"3":0,"4":0,"5":0,"6":0,"7":0,"8":0,"9":0,"10":0,"11":0,"12":0,"13":0,"14":0,"15":0,"16":0,"17":0,"18":0,"19":0,"20":0,"21":0,"22":0,"23":0},"f":{"0":0},"b":{}}
,"/home/ubuntu/verified_project/complete_project/src/services/mempool/index.ts": {"path":"/home/ubuntu/verified_project/complete_project/src/services/mempool/index.ts","statementMap":{"0":{"start":{"line":1,"column":0},"end":{"line":1,"column":54}},"1":{"start":{"line":2,"column":0},"end":{"line":2,"column":44}},"2":{"start":{"line":7,"column":40},"end":{"line":21,"column":1}},"3":{"start":{"line":8,"column":2},"end":{"line":20,"column":3}},"4":{"start":{"line":9,"column":4},"end":{"line":9,"column":48}},"5":{"start":{"line":12,"column":27},"end":{"line":12,"column":51}},"6":{"start":{"line":14,"column":4},"end":{"line":14,"column":60}},"7":{"start":{"line":16,"column":4},"end":{"line":16,"column":26}},"8":{"start":{"line":18,"column":4},"end":{"line":18,"column":63}},"9":{"start":{"line":19,"column":4},"end":{"line":19,"column":16}},"10":{"start":{"line":7,"column":13},"end":{"line":7,"column":40}},"11":{"start":{"line":24,"column":13},"end":{"line":24,"column":57}}},"fnMap":{"0":{"name":"(anonymous_0)","decl":{"start":{"line":7,"column":40},"end":{"line":7,"column":63}},"loc":{"start":{"line":7,"column":65},"end":{"line":21,"column":1}}}},"branchMap":{},"s":{"0":0,"1":0,"2":0,"3":0,"4":0,"5":0,"6":0,"7":0,"8":0,"9":0,"10":0,"11":0},"f":{"0":0},"b":{}}
,"/home/ubuntu/verified_project/complete_project/src/services/portfolio/index.ts": {"path":"/home/ubuntu/verified_project/complete_project/src/services/portfolio/index.ts","statementMap":{"0":{"start":{"line":1,"column":0},"end":{"line":1,"column":58}},"1":{"start":{"line":2,"column":0},"end":{"line":2,"column":44}},"2":{"start":{"line":7,"column":42},"end":{"line":21,"column":1}},"3":{"start":{"line":8,"column":2},"end":{"line":20,"column":3}},"4":{"start":{"line":9,"column":4},"end":{"line":9,"column":50}},"5":{"start":{"line":12,"column":29},"end":{"line":12,"column":55}},"6":{"start":{"line":14,"column":4},"end":{"line":14,"column":62}},"7":{"start":{"line":16,"column":4},"end":{"line":16,"column":28}},"8":{"start":{"line":18,"column":4},"end":{"line":18,"column":65}},"9":{"start":{"line":19,"column":4},"end":{"line":19,"column":16}},"10":{"start":{"line":7,"column":13},"end":{"line":7,"column":42}},"11":{"start":{"line":24,"column":13},"end":{"line":24,"column":61}}},"fnMap":{"0":{"name":"(anonymous_0)","decl":{"start":{"line":7,"column":42},"end":{"line":7,"column":67}},"loc":{"start":{"line":7,"column":69},"end":{"line":21,"column":1}}}},"branchMap":{},"s":{"0":0,"1":0,"2":0,"3":0,"4":0,"5":0,"6":0,"7":0,"8":0,"9":0,"10":0,"11":0},"f":{"0":0},"b":{}}
,"/home/ubuntu/verified_project/complete_project/src/ui/postcss.config.js": {"path":"/home/ubuntu/verified_project/complete_project/src/ui/postcss.config.js","statementMap":{"0":{"start":{"line":1,"column":0},"end":{"line":6,"column":1}}},"fnMap":{},"branchMap":{},"s":{"0":0},"f":{},"b":{},"inputSourceMap":null}
,"/home/ubuntu/verified_project/complete_project/src/ui/tailwind.config.js": {"path":"/home/ubuntu/verified_project/complete_project/src/ui/tailwind.config.js","statementMap":{"0":{"start":{"line":1,"column":0},"end":{"line":84,"column":1}}},"fnMap":{},"branchMap":{},"s":{"0":0},"f":{},"b":{},"inputSourceMap":null}
,"/home/ubuntu/verified_project/complete_project/src/utils/logger.ts": {"path":"/home/ubuntu/verified_project/complete_project/src/utils/logger.ts","statementMap":{"0":{"start":{"line":1,"column":0},"end":{"line":1,"column":30}},"1":{"start":{"line":4,"column":15},"end":{"line":10,"column":2}},"2":{"start":{"line":13,"column":14},"end":{"line":16,"column":1}},"3":{"start":{"line":14,"column":14},"end":{"line":14,"column":51}},"4":{"start":{"line":15,"column":2},"end":{"line":15,"column":50}},"5":{"start":{"line":19,"column":15},"end":{"line":25,"column":2}},"6":{"start":{"line":28,"column":0},"end":{"line":28,"column":26}},"7":{"start":{"line":31,"column":15},"end":{"line":34,"column":null}},"8":{"start":{"line":34,"column":34},"end":{"line":34,"column":84}},"9":{"start":{"line":38,"column":19},"end":{"line":45,"column":2}},"10":{"start":{"line":48,"column":13},"end":{"line":53,"column":3}}},"fnMap":{"0":{"name":"(anonymous_1)","decl":{"start":{"line":13,"column":14},"end":{"line":13,"column":17}},"loc":{"start":{"line":13,"column":19},"end":{"line":16,"column":1}}},"1":{"name":"(anonymous_2)","decl":{"start":{"line":34,"column":24},"end":{"line":34,"column":25}},"loc":{"start":{"line":34,"column":34},"end":{"line":34,"column":84}}}},"branchMap":{"0":{"loc":{"start":{"line":14,"column":14},"end":{"line":14,"column":51}},"type":"binary-expr","locations":[{"start":{"line":14,"column":14},"end":{"line":14,"column":34}},{"start":{"line":14,"column":38},"end":{"line":14,"column":51}}]},"1":{"loc":{"start":{"line":15,"column":9},"end":{"line":15,"column":49}},"type":"cond-expr","locations":[{"start":{"line":15,"column":33},"end":{"line":15,"column":40}},{"start":{"line":15,"column":43},"end":{"line":15,"column":49}}]}},"s":{"0":0,"1":0,"2":0,"3":0,"4":0,"5":0,"6":0,"7":0,"8":0,"9":0,"10":0},"f":{"0":0,"1":0},"b":{"0":[0,0],"1":[0,0]}}
}
